Build started 20.04.2015 1:38:07.
     1>Project "C:\Users\Enko\Desktop\Programming\CPPWorkSpace\Threads\Threads\Threads.vcxproj" on node 2 (Build target(s)).
     1>InitializeBuildStatus:
         Creating "Debug\Threads.tlog\unsuccessfulbuild" because "AlwaysCreate" was specified.
       ClCompile:
         C:\Program Files (x86)\Microsoft Visual Studio 12.0\VC\bin\CL.exe /c /ZI /nologo /W3 /WX- /sdl /Od /Oy- /D WIN32 /D _DEBUG /D _CONSOLE /D _LIB /D _UNICODE /D UNICODE /Gm /EHsc /RTC1 /MDd /GS /fp:precise /Zc:wchar_t /Zc:forScope /Fo"Debug\\" /Fd"Debug\vc120.pdb" /Gd /TP /analyze- /errorReport:prompt OperatingSystem.cpp
         OperatingSystem.cpp
       Link:
         C:\Program Files (x86)\Microsoft Visual Studio 12.0\VC\bin\link.exe /ERRORREPORT:PROMPT /OUT:"C:\Users\Enko\Desktop\Programming\CPPWorkSpace\Threads\Debug\Threads.exe" /INCREMENTAL /NOLOGO kernel32.lib user32.lib gdi32.lib winspool.lib comdlg32.lib advapi32.lib shell32.lib ole32.lib oleaut32.lib uuid.lib odbc32.lib odbccp32.lib /MANIFEST /MANIFESTUAC:"level='asInvoker' uiAccess='false'" /manifest:embed /DEBUG /PDB:"C:\Users\Enko\Desktop\Programming\CPPWorkSpace\Threads\Debug\Threads.pdb" /SUBSYSTEM:CONSOLE /TLBID:1 /DYNAMICBASE /NXCOMPAT /IMPLIB:"C:\Users\Enko\Desktop\Programming\CPPWorkSpace\Threads\Debug\Threads.lib" /MACHINE:X86 Debug\Library.obj
         Debug\OperatingSystem.obj
         Debug\Process.obj
         Debug\Thread.obj
         Debug\main.obj
         Threads.vcxproj -> C:\Users\Enko\Desktop\Programming\CPPWorkSpace\Threads\Debug\Threads.exe
       FinalizeBuildStatus:
         Deleting file "Debug\Threads.tlog\unsuccessfulbuild".
         Touching "Debug\Threads.tlog\Threads.lastbuildstate".
     1>Done Building Project "C:\Users\Enko\Desktop\Programming\CPPWorkSpace\Threads\Threads\Threads.vcxproj" (Build target(s)).

Build succeeded.

Time Elapsed 00:00:01.21
